build/app/outputs/logs/manifest-merger-debug-report.txt
-- Merging decision tree log ---
manifest
ADDED from src/main/AndroidManifest.xml:6:1-33:12
INJECTED from src/main/AndroidManifest.xml:6:1-33:12
INJECTED from src/main/AndroidManifest.xml:6:1-33:12
INJECTED from src/main/AndroidManifest.xml:6:1-33:12
INJECTED from src/main/AndroidManifest.xml:6:1-33:12
INJECTED from src/main/AndroidManifest.xml:6:1-33:12
INJECTED from src/main/AndroidManifest.xml:6:1-33:12
	package
		ADDED from src/main/AndroidManifest.xml:7:5-46
		INJECTED from src/main/AndroidManifest.xml
		INJECTED from src/main/AndroidManifest.xml
	android:versionName
		INJECTED from src/main/AndroidManifest.xml
		ADDED from src/main/AndroidManifest.xml:6:1-33:12
		INJECTED from src/main/AndroidManifest.xml
	android:versionCode
		INJECTED from src/main/AndroidManifest.xml
		ADDED from src/main/AndroidManifest.xml:6:1-33:12
		INJECTED from src/main/AndroidManifest.xml
	xmlns:android
		ADDED from src/main/AndroidManifest.xml:6:11-69
uses-permission#android.permission.INTERNET
ADDED from src/main/AndroidManifest.xml:13:5-66
	android:name
		ADDED from src/main/AndroidManifest.xml:13:22-64
application
ADDED from src/main/AndroidManifest.xml:20:5-32:19
	android:label
		ADDED from src/main/AndroidManifest.xml:20:67-94
	android:icon
		ADDED from src/main/AndroidManifest.xml:20:95-129
	android:name
		ADDED from src/main/AndroidManifest.xml:20:18-66
activity#io.flutter.examples.hello_world.MainActivity
ADDED from src/main/AndroidManifest.xml:21:9-31:20
	android:launchMode
		ADDED from src/main/AndroidManifest.xml:22:19-49
	android:hardwareAccelerated
		ADDED from src/main/AndroidManifest.xml:25:19-53
	android:windowSoftInputMode
		ADDED from src/main/AndroidManifest.xml:26:19-61
	android:configChanges
		ADDED from src/main/AndroidManifest.xml:24:19-150
	android:theme
		ADDED from src/main/AndroidManifest.xml:23:19-72
	android:name
		ADDED from src/main/AndroidManifest.xml:21:19-47
intent-filter#action:name:android.intent.action.MAIN+category:name:android.intent.category.LAUNCHER
ADDED from src/main/AndroidManifest.xml:27:13-30:29
action#android.intent.action.MAIN
ADDED from src/main/AndroidManifest.xml:28:17-68
	android:name
		ADDED from src/main/AndroidManifest.xml:28:25-66
category#android.intent.category.LAUNCHER
ADDED from src/main/AndroidManifest.xml:29:17-76
	android:name
		ADDED from src/main/AndroidManifest.xml:29:27-74
uses-sdk
INJECTED from src/main/AndroidManifest.xml reason: use-sdk injection requested
INJECTED from src/main/AndroidManifest.xml
INJECTED from src/main/AndroidManifest.xml
INJECTED from src/main/AndroidManifest.xml
INJECTED from src/main/AndroidManifest.xml
	android:targetSdkVersion
		INJECTED from src/main/AndroidManifest.xml
		ADDED from src/main/AndroidManifest.xml
		INJECTED from src/main/AndroidManifest.xml
	android:minSdkVersion
		INJECTED from src/main/AndroidManifest.xml
		ADDED from src/main/AndroidManifest.xml
		INJECTED from src/main/AndroidManifest.xml